'....................' 
'Начало тиражирования 2024-11-14  15:18:16' 
'.......... для "":'  
"md5 у оригинального .key_enc" 
(stdin)= d41d8cd98f00b204e9800998ecf8427e
"md5 на клоне .key_enc" 
(stdin)= d41d8cd98f00b204e9800998ecf8427e
"md5 у оригинального .cer_enc" 
(stdin)= d41d8cd98f00b204e9800998ecf8427e
"md5 на клоне .cer_enc" 
(stdin)= d41d8cd98f00b204e9800998ecf8427e
"----" 
'.......... для "":'  
"md5 у оригинального .key_enc" 
(stdin)= d41d8cd98f00b204e9800998ecf8427e
"md5 на клоне .key_enc" 
(stdin)= d41d8cd98f00b204e9800998ecf8427e
"md5 у оригинального .cer_enc" 
(stdin)= d41d8cd98f00b204e9800998ecf8427e
"md5 на клоне .cer_enc" 
(stdin)= d41d8cd98f00b204e9800998ecf8427e
"----" 
'.......... для "":'  
"md5 у оригинального .key_enc" 
(stdin)= d41d8cd98f00b204e9800998ecf8427e
"md5 на клоне .key_enc" 
(stdin)= d41d8cd98f00b204e9800998ecf8427e
"md5 у оригинального .cer_enc" 
(stdin)= d41d8cd98f00b204e9800998ecf8427e
"md5 на клоне .cer_enc" 
(stdin)= d41d8cd98f00b204e9800998ecf8427e
"----" 
'.......... для "":'  
"md5 у оригинального .key_enc" 
(stdin)= d41d8cd98f00b204e9800998ecf8427e
"md5 на клоне .key_enc" 
(stdin)= d41d8cd98f00b204e9800998ecf8427e
"md5 у оригинального .cer_enc" 
(stdin)= d41d8cd98f00b204e9800998ecf8427e
"md5 на клоне .cer_enc" 
(stdin)= d41d8cd98f00b204e9800998ecf8427e
"----" 
'.......... для "":'  
"md5 у оригинального .key_enc" 
(stdin)= d41d8cd98f00b204e9800998ecf8427e
"md5 на клоне .key_enc" 
(stdin)= d41d8cd98f00b204e9800998ecf8427e
"md5 у оригинального .cer_enc" 
(stdin)= d41d8cd98f00b204e9800998ecf8427e
"md5 на клоне .cer_enc" 
(stdin)= d41d8cd98f00b204e9800998ecf8427e
"----" 
'.......... для "":'  
"md5 у оригинального .key_enc" 
(stdin)= d41d8cd98f00b204e9800998ecf8427e
"md5 на клоне .key_enc" 
(stdin)= d41d8cd98f00b204e9800998ecf8427e
"md5 у оригинального .cer_enc" 
(stdin)= d41d8cd98f00b204e9800998ecf8427e
"md5 на клоне .cer_enc" 
(stdin)= d41d8cd98f00b204e9800998ecf8427e
"----" 
'.......... для "":'  
"md5 у оригинального .key_enc" 
(stdin)= d41d8cd98f00b204e9800998ecf8427e
"md5 на клоне .key_enc" 
(stdin)= d41d8cd98f00b204e9800998ecf8427e
"md5 у оригинального .cer_enc" 
(stdin)= d41d8cd98f00b204e9800998ecf8427e
"md5 на клоне .cer_enc" 
(stdin)= d41d8cd98f00b204e9800998ecf8427e
"----" 
'.......... для "":'  
"md5 у оригинального .key_enc" 
(stdin)= d41d8cd98f00b204e9800998ecf8427e
"md5 на клоне .key_enc" 
(stdin)= d41d8cd98f00b204e9800998ecf8427e
"md5 у оригинального .cer_enc" 
(stdin)= d41d8cd98f00b204e9800998ecf8427e
"md5 на клоне .cer_enc" 
(stdin)= d41d8cd98f00b204e9800998ecf8427e
"----" 
'.......... для "":'  
"md5 у оригинального .key_enc" 
(stdin)= d41d8cd98f00b204e9800998ecf8427e
"md5 на клоне .key_enc" 
(stdin)= d41d8cd98f00b204e9800998ecf8427e
"md5 у оригинального .cer_enc" 
(stdin)= d41d8cd98f00b204e9800998ecf8427e
"md5 на клоне .cer_enc" 
(stdin)= d41d8cd98f00b204e9800998ecf8427e
"----" 
'.......... для "":'  
"md5 у оригинального .key_enc" 
(stdin)= d41d8cd98f00b204e9800998ecf8427e
"md5 на клоне .key_enc" 
(stdin)= d41d8cd98f00b204e9800998ecf8427e
"md5 у оригинального .cer_enc" 
(stdin)= d41d8cd98f00b204e9800998ecf8427e
"md5 на клоне .cer_enc" 
(stdin)= d41d8cd98f00b204e9800998ecf8427e
"----" 
'КОНЕЦ списка тиража.' 
'....................' 
