
'------------' 
2024-11-08  18:09:36 
U2FsdGVkX18sRLnJbyGm1EMTUN+VYGINBaDgMLn1GYNkRupbGc2hlYkrRl0M0REi
opeEcWFGyopo/8IjKBo9RurMlMsozh+3mOKDi+ClQWpPuRJghUHfIJGufWtENA4J
ENfB745A8/gDrdCAbmQL4Q==
'конец списка' 
'------------' 
2024-11-08  18:11:10 
U2FsdGVkX18sRLnJbyGm1EMTUN+VYGINBaDgMLn1GYNkRupbGc2hlYkrRl0M0REi
opeEcWFGyopo/8IjKBo9RurMlMsozh+3mOKDi+ClQWpPuRJghUHfIJGufWtENA4J
ENfB745A8/gDrdCAbmQL4Q==
'конец списка' 
'------------' 
2024-11-08  18:11:27 
U2FsdGVkX18sRLnJbyGm1EMTUN+VYGINBaDgMLn1GYNkRupbGc2hlYkrRl0M0REi
opeEcWFGyopo/8IjKBo9RurMlMsozh+3mOKDi+ClQWpPuRJghUHfIJGufWtENA4J
ENfB745A8/gDrdCAbmQL4Q==
'конец списка' 
'------------' 
2024-11-08  18:12:59 
U2FsdGVkX18sRLnJbyGm1EMTUN+VYGINBaDgMLn1GYNkRupbGc2hlYkrRl0M0REi
opeEcWFGyopo/8IjKBo9RurMlMsozh+3mOKDi+ClQWpPuRJghUHfIJGufWtENA4J
ENfB745A8/gDrdCAbmQL4Q==
'конец списка' 
'------------' 
2024-11-08  18:13:18 
U2FsdGVkX18sRLnJbyGm1EMTUN+VYGINBaDgMLn1GYNkRupbGc2hlYkrRl0M0REi
opeEcWFGyopo/8IjKBo9RurMlMsozh+3mOKDi+ClQWpPuRJghUHfIJGufWtENA4J
ENfB745A8/gDrdCAbmQL4Q==
'конец списка' 
'------------' 
2024-11-08  18:18:32 
2024-11-08  18:18:51 
2024-11-08  18:19:15 
2024-11-08  18:19:50 
2024-11-08  18:20:57   
U2FsdGVkX18sRLnJbyGm1EMTUN+VYGINBaDgMLn1GYNkRupbGc2hlYkrRl0M0REi
opeEcWFGyopo/8IjKBo9RurMlMsozh+3mOKDi+ClQWpPuRJghUHfIJGufWtENA4J
ENfB745A8/gDrdCAbmQL4Q==
0
1
2
3
4
5
6
7
8
9

'конец списка' 
'------------' 
2024-11-08  18:22:48 
2024-11-08  18:23:13 
2024-11-08  18:23:38 
2024-11-08  18:24:31 
"123" 
2024-11-09  10:06:25 
2024-11-09  10:07:27 
'------------' 
2024-11-09  10:08:30 
2024-11-09  10:08:55 
epaa-minv-1 
epaa-minv-2 
epaa-minv-3 
epaa-minv-4 
epaa-minv-5 
epaa-minv-6 
epaa-minv-7 
epaa-minv-8 
epaa-minv-9 
epaa-minv-10 
2024-11-09  10:09:33 
epaa-minv-1 
'конец списка' 
'------------' 
epaa-minv-2 
'конец списка' 
'------------' 
epaa-minv-3 
'конец списка' 
'------------' 
epaa-minv-4 
'конец списка' 
'------------' 
epaa-minv-5 
'конец списка' 
'------------' 
epaa-minv-6 
'конец списка' 
'------------' 
epaa-minv-7 
'конец списка' 
'------------' 
epaa-minv-8 
'конец списка' 
'------------' 
epaa-minv-9 
'конец списка' 
'------------' 
epaa-minv-10 
'конец списка' 
'------------' 
'------------' 
