"" 
txt 
(stdin)= d41d8cd98f00b204e9800998ecf8427e
(stdin)= d41d8cd98f00b204e9800998ecf8427e
'конец' 
'-----------------------' 
"" 
txt 
(stdin)= d41d8cd98f00b204e9800998ecf8427e
(stdin)= d41d8cd98f00b204e9800998ecf8427e
'конец' 
'-----------------------' 
"[$date]" 
txt 
(stdin)= d41d8cd98f00b204e9800998ecf8427e
(stdin)= d41d8cd98f00b204e9800998ecf8427e
'конец' 
'-----------------------' 
"[date]" 
txt 
(stdin)= d41d8cd98f00b204e9800998ecf8427e
(stdin)= d41d8cd98f00b204e9800998ecf8427e
'конец' 
'-----------------------' 
"$(date)" 
txt 
(stdin)= d41d8cd98f00b204e9800998ecf8427e
(stdin)= d41d8cd98f00b204e9800998ecf8427e
'конец' 
'-----------------------' 
"${pass}" 
txt 
(stdin)= d41d8cd98f00b204e9800998ecf8427e
(stdin)= d41d8cd98f00b204e9800998ecf8427e
'конец' 
'-----------------------' 
"jDn5opLp1lz" 
txt 
(stdin)= d41d8cd98f00b204e9800998ecf8427e
(stdin)= d41d8cd98f00b204e9800998ecf8427e
'конец' 
'-----------------------' 
"@(date)" 
txt 
(stdin)= d41d8cd98f00b204e9800998ecf8427e
(stdin)= d41d8cd98f00b204e9800998ecf8427e
'конец' 
'-----------------------' 
"начало" 
txt 
(stdin)= d41d8cd98f00b204e9800998ecf8427e
(stdin)= d41d8cd98f00b204e9800998ecf8427e
'конец' 
'-----------------------' 
"начало" 
"имя файла сертификата\ключа = txt" 
(stdin)= d41d8cd98f00b204e9800998ecf8427e
(stdin)= d41d8cd98f00b204e9800998ecf8427e
'конец' 
'-----------------------' 
"начало" 
"имя файла сертификата\ключа = txt" 
(stdin)= d41d8cd98f00b204e9800998ecf8427e
(stdin)= d41d8cd98f00b204e9800998ecf8427e
'конец' 
'-----------------------' 
"начало" 
"имя файла сертификата\ключа = txt" 
(stdin)= d41d8cd98f00b204e9800998ecf8427e
(stdin)= d41d8cd98f00b204e9800998ecf8427e
'конец' 
'-----------------------' 
